  BaCa_SkladTowarow.cpp
C:\Users\kryst\source\repos\BaCa_SkladTowarow\BaCa_SkladTowarow\BaCa_SkladTowarow.cpp(68,83): warning C4244: "=": konwersja z "__int64" do "unsigned short", możliwa utrata danych
C:\Users\kryst\source\repos\BaCa_SkladTowarow\BaCa_SkladTowarow\BaCa_SkladTowarow.cpp(77,48): warning C4244: "=": konwersja z "__int64" do "unsigned short", możliwa utrata danych
C:\Users\kryst\source\repos\BaCa_SkladTowarow\BaCa_SkladTowarow\BaCa_SkladTowarow.cpp(85,62): warning C4244: "=": konwersja z "__int64" do "unsigned short", możliwa utrata danych
C:\Users\kryst\source\repos\BaCa_SkladTowarow\BaCa_SkladTowarow\BaCa_SkladTowarow.cpp(93,66): warning C4244: "=": konwersja z "__int64" do "unsigned short", możliwa utrata danych
C:\Users\kryst\source\repos\BaCa_SkladTowarow\BaCa_SkladTowarow\BaCa_SkladTowarow.cpp(316,73): warning C4244: "+=": konwersja z "__int64" do "unsigned short", możliwa utrata danych
C:\Users\kryst\source\repos\BaCa_SkladTowarow\BaCa_SkladTowarow\BaCa_SkladTowarow.cpp(332,64): warning C4244: "+=": konwersja z "__int64" do "unsigned short", możliwa utrata danych
C:\Users\kryst\source\repos\BaCa_SkladTowarow\BaCa_SkladTowarow\BaCa_SkladTowarow.cpp(348,60): warning C4244: "+=": konwersja z "__int64" do "unsigned short", możliwa utrata danych
C:\Users\kryst\source\repos\BaCa_SkladTowarow\BaCa_SkladTowarow\BaCa_SkladTowarow.cpp(364,50): warning C4244: "+=": konwersja z "__int64" do "unsigned short", możliwa utrata danych
C:\Users\kryst\source\repos\BaCa_SkladTowarow\BaCa_SkladTowarow\BaCa_SkladTowarow.cpp(380,73): warning C4244: "-=": konwersja z "__int64" do "unsigned short", możliwa utrata danych
C:\Users\kryst\source\repos\BaCa_SkladTowarow\BaCa_SkladTowarow\BaCa_SkladTowarow.cpp(396,64): warning C4244: "-=": konwersja z "__int64" do "unsigned short", możliwa utrata danych
C:\Users\kryst\source\repos\BaCa_SkladTowarow\BaCa_SkladTowarow\BaCa_SkladTowarow.cpp(412,60): warning C4244: "-=": konwersja z "__int64" do "unsigned short", możliwa utrata danych
C:\Users\kryst\source\repos\BaCa_SkladTowarow\BaCa_SkladTowarow\BaCa_SkladTowarow.cpp(428,50): warning C4244: "-=": konwersja z "__int64" do "unsigned short", możliwa utrata danych
C:\Users\kryst\source\repos\BaCa_SkladTowarow\BaCa_SkladTowarow\BaCa_SkladTowarow.cpp(446,80): warning C4244: "-=": konwersja z "__int64" do "unsigned short", możliwa utrata danych
C:\Users\kryst\source\repos\BaCa_SkladTowarow\BaCa_SkladTowarow\BaCa_SkladTowarow.cpp(450,76): warning C4244: "-=": konwersja z "__int64" do "unsigned short", możliwa utrata danych
C:\Users\kryst\source\repos\BaCa_SkladTowarow\BaCa_SkladTowarow\BaCa_SkladTowarow.cpp(451,76): warning C4244: "+=": konwersja z "__int64" do "unsigned short", możliwa utrata danych
C:\Users\kryst\source\repos\BaCa_SkladTowarow\BaCa_SkladTowarow\BaCa_SkladTowarow.cpp(455,80): warning C4244: "-=": konwersja z "__int64" do "unsigned short", możliwa utrata danych
C:\Users\kryst\source\repos\BaCa_SkladTowarow\BaCa_SkladTowarow\BaCa_SkladTowarow.cpp(474,77): warning C4244: "-=": konwersja z "__int64" do "unsigned short", możliwa utrata danych
C:\Users\kryst\source\repos\BaCa_SkladTowarow\BaCa_SkladTowarow\BaCa_SkladTowarow.cpp(478,73): warning C4244: "-=": konwersja z "__int64" do "unsigned short", możliwa utrata danych
C:\Users\kryst\source\repos\BaCa_SkladTowarow\BaCa_SkladTowarow\BaCa_SkladTowarow.cpp(479,64): warning C4244: "+=": konwersja z "__int64" do "unsigned short", możliwa utrata danych
C:\Users\kryst\source\repos\BaCa_SkladTowarow\BaCa_SkladTowarow\BaCa_SkladTowarow.cpp(483,77): warning C4244: "-=": konwersja z "__int64" do "unsigned short", możliwa utrata danych
C:\Users\kryst\source\repos\BaCa_SkladTowarow\BaCa_SkladTowarow\BaCa_SkladTowarow.cpp(502,78): warning C4244: "-=": konwersja z "__int64" do "unsigned short", możliwa utrata danych
C:\Users\kryst\source\repos\BaCa_SkladTowarow\BaCa_SkladTowarow\BaCa_SkladTowarow.cpp(506,74): warning C4244: "-=": konwersja z "__int64" do "unsigned short", możliwa utrata danych
C:\Users\kryst\source\repos\BaCa_SkladTowarow\BaCa_SkladTowarow\BaCa_SkladTowarow.cpp(507,61): warning C4244: "+=": konwersja z "__int64" do "unsigned short", możliwa utrata danych
C:\Users\kryst\source\repos\BaCa_SkladTowarow\BaCa_SkladTowarow\BaCa_SkladTowarow.cpp(511,78): warning C4244: "-=": konwersja z "__int64" do "unsigned short", możliwa utrata danych
C:\Users\kryst\source\repos\BaCa_SkladTowarow\BaCa_SkladTowarow\BaCa_SkladTowarow.cpp(530,64): warning C4244: "-=": konwersja z "__int64" do "unsigned short", możliwa utrata danych
C:\Users\kryst\source\repos\BaCa_SkladTowarow\BaCa_SkladTowarow\BaCa_SkladTowarow.cpp(534,60): warning C4244: "-=": konwersja z "__int64" do "unsigned short", możliwa utrata danych
C:\Users\kryst\source\repos\BaCa_SkladTowarow\BaCa_SkladTowarow\BaCa_SkladTowarow.cpp(535,50): warning C4244: "+=": konwersja z "__int64" do "unsigned short", możliwa utrata danych
C:\Users\kryst\source\repos\BaCa_SkladTowarow\BaCa_SkladTowarow\BaCa_SkladTowarow.cpp(539,64): warning C4244: "-=": konwersja z "__int64" do "unsigned short", możliwa utrata danych
C:\Users\kryst\source\repos\BaCa_SkladTowarow\BaCa_SkladTowarow\BaCa_SkladTowarow.cpp(553,56): warning C4244: "=": konwersja z "__int64" do "unsigned short", możliwa utrata danych
C:\Users\kryst\source\repos\BaCa_SkladTowarow\BaCa_SkladTowarow\BaCa_SkladTowarow.cpp(563,24): warning C4244: "inicjowanie": konwersja z "__int64" do "int", możliwa utrata danych
C:\Users\kryst\source\repos\BaCa_SkladTowarow\BaCa_SkladTowarow\BaCa_SkladTowarow.cpp(576,45): warning C4244: "=": konwersja z "__int64" do "unsigned short", możliwa utrata danych
C:\Users\kryst\source\repos\BaCa_SkladTowarow\BaCa_SkladTowarow\BaCa_SkladTowarow.cpp(583,24): warning C4244: "inicjowanie": konwersja z "__int64" do "int", możliwa utrata danych
C:\Users\kryst\source\repos\BaCa_SkladTowarow\BaCa_SkladTowarow\BaCa_SkladTowarow.cpp(602,36): warning C4244: "=": konwersja z "__int64" do "unsigned short", możliwa utrata danych
C:\Users\kryst\source\repos\BaCa_SkladTowarow\BaCa_SkladTowarow\BaCa_SkladTowarow.cpp(610,24): warning C4244: "inicjowanie": konwersja z "__int64" do "int", możliwa utrata danych
C:\Users\kryst\source\repos\BaCa_SkladTowarow\BaCa_SkladTowarow\BaCa_SkladTowarow.cpp(633,22): warning C4244: "=": konwersja z "__int64" do "unsigned short", możliwa utrata danych
C:\Users\kryst\source\repos\BaCa_SkladTowarow\BaCa_SkladTowarow\BaCa_SkladTowarow.cpp(641,24): warning C4244: "inicjowanie": konwersja z "__int64" do "int", możliwa utrata danych
C:\Users\kryst\source\repos\BaCa_SkladTowarow\BaCa_SkladTowarow\BaCa_SkladTowarow.cpp(665,47): warning C4244: "=": konwersja z "__int64" do "unsigned short", możliwa utrata danych
C:\Users\kryst\source\repos\BaCa_SkladTowarow\BaCa_SkladTowarow\BaCa_SkladTowarow.cpp(675,24): warning C4244: "inicjowanie": konwersja z "__int64" do "int", możliwa utrata danych
C:\Users\kryst\source\repos\BaCa_SkladTowarow\BaCa_SkladTowarow\BaCa_SkladTowarow.cpp(689,32): warning C4244: "=": konwersja z "__int64" do "unsigned short", możliwa utrata danych
C:\Users\kryst\source\repos\BaCa_SkladTowarow\BaCa_SkladTowarow\BaCa_SkladTowarow.cpp(693,51): warning C4244: "=": konwersja z "__int64" do "unsigned short", możliwa utrata danych
C:\Users\kryst\source\repos\BaCa_SkladTowarow\BaCa_SkladTowarow\BaCa_SkladTowarow.cpp(702,24): warning C4244: "inicjowanie": konwersja z "__int64" do "int", możliwa utrata danych
C:\Users\kryst\source\repos\BaCa_SkladTowarow\BaCa_SkladTowarow\BaCa_SkladTowarow.cpp(712,47): warning C4244: "=": konwersja z "__int64" do "unsigned short", możliwa utrata danych
C:\Users\kryst\source\repos\BaCa_SkladTowarow\BaCa_SkladTowarow\BaCa_SkladTowarow.cpp(722,28): warning C4244: "inicjowanie": konwersja z "__int64" do "int", możliwa utrata danych
C:\Users\kryst\source\repos\BaCa_SkladTowarow\BaCa_SkladTowarow\BaCa_SkladTowarow.cpp(737,33): warning C4244: "=": konwersja z "__int64" do "unsigned short", możliwa utrata danych
C:\Users\kryst\source\repos\BaCa_SkladTowarow\BaCa_SkladTowarow\BaCa_SkladTowarow.cpp(747,24): warning C4244: "inicjowanie": konwersja z "__int64" do "int", możliwa utrata danych
C:\Users\kryst\source\repos\BaCa_SkladTowarow\BaCa_SkladTowarow\BaCa_SkladTowarow.cpp(773,19): warning C4101: "value": lokalna zmienna, do której nie istnieje odwołanie
  BaCa_SkladTowarow.vcxproj -> C:\Users\kryst\source\repos\BaCa_SkladTowarow\Debug\BaCa_SkladTowarow.exe
